<?xml version="1.0" encoding="UTF-8"?>
<!-- Generated by org.testng.reporters.JUnitXMLReporter -->
<testsuite hostname="Kanthaari" failures="1" tests="2" name="Command line test" time="44.123" errors="0" timestamp="16 Oct 2025 10:24:30 GMT">
  <testcase classname="com.mytests.TestNG_Examples.TextBoxTest" name="testTextBoxFormSubmission1" time="24.448">
    <failure type="org.openqa.selenium.NoSuchWindowException" message="no such window: target window already closed
from unknown error: web view not found
  (Session info: chrome=141.0.7390.66)
Build info: version: &amp;apos;4.36.0&amp;apos;, revision: &amp;apos;6d115cfd87&amp;apos;
System info: os.name: &amp;apos;Windows 11&amp;apos;, os.arch: &amp;apos;amd64&amp;apos;, os.version: &amp;apos;10.0&amp;apos;, java.version: &amp;apos;19.0.1&amp;apos;
Driver info: org.openqa.selenium.chrome.ChromeDriver
Command: [2ac9768750596a82ff9951959bb440e8, findElement {value=userName, using=id}]
Capabilities {acceptInsecureCerts: false, browserName: chrome, browserVersion: 141.0.7390.66, chrome: {chromedriverVersion: 140.0.7339.80 (670b6f192f46..., userDataDir: C:\Users\ezaa2\AppData\Loca...}, fedcm:accounts: true, goog:chromeOptions: {debuggerAddress: localhost:62905}, networkConnectionEnabled: false, pageLoadStrategy: normal, platformName: windows, proxy: Proxy(), se:cdp: ws://localhost:62905/devtoo..., se:cdpVersion: 141.0.7390.66, setWindowRect: true, strictFileInteractability: false, timeouts: {implicit: 0, pageLoad: 300000, script: 30000}, unhandledPromptBehavior: dismiss and notify, webauthn:extension:credBlob: true, webauthn:extension:largeBlob: true, webauthn:extension:minPinLength: true, webauthn:extension:prf: true, webauthn:virtualAuthenticators: true}
Session ID: 2ac9768750596a82ff9951959bb440e8">
      <![CDATA[org.openqa.selenium.NoSuchWindowException: no such window: target window already closed
from unknown error: web view not found
  (Session info: chrome=141.0.7390.66)
Build info: version: '4.36.0', revision: '6d115cfd87'
System info: os.name: 'Windows 11', os.arch: 'amd64', os.version: '10.0', java.version: '19.0.1'
Driver info: org.openqa.selenium.chrome.ChromeDriver
Command: [2ac9768750596a82ff9951959bb440e8, findElement {value=userName, using=id}]
Capabilities {acceptInsecureCerts: false, browserName: chrome, browserVersion: 141.0.7390.66, chrome: {chromedriverVersion: 140.0.7339.80 (670b6f192f46..., userDataDir: C:\Users\ezaa2\AppData\Loca...}, fedcm:accounts: true, goog:chromeOptions: {debuggerAddress: localhost:62905}, networkConnectionEnabled: false, pageLoadStrategy: normal, platformName: windows, proxy: Proxy(), se:cdp: ws://localhost:62905/devtoo..., se:cdpVersion: 141.0.7390.66, setWindowRect: true, strictFileInteractability: false, timeouts: {implicit: 0, pageLoad: 300000, script: 30000}, unhandledPromptBehavior: dismiss and notify, webauthn:extension:credBlob: true, webauthn:extension:largeBlob: true, webauthn:extension:minPinLength: true, webauthn:extension:prf: true, webauthn:virtualAuthenticators: true}
Session ID: 2ac9768750596a82ff9951959bb440e8
	at org.openqa.selenium.remote.ErrorCodec.decode(ErrorCodec.java:167)
	at org.openqa.selenium.remote.codec.w3c.W3CHttpResponseCodec.decode(W3CHttpResponseCodec.java:138)
	at org.openqa.selenium.remote.codec.w3c.W3CHttpResponseCodec.decode(W3CHttpResponseCodec.java:50)
	at org.openqa.selenium.remote.HttpCommandExecutor.execute(HttpCommandExecutor.java:215)
	at org.openqa.selenium.remote.service.DriverCommandExecutor.invokeExecute(DriverCommandExecutor.java:216)
	at org.openqa.selenium.remote.service.DriverCommandExecutor.execute(DriverCommandExecutor.java:174)
	at org.openqa.selenium.remote.RemoteWebDriver.execute(RemoteWebDriver.java:557)
	at org.openqa.selenium.remote.ElementLocation$ElementFinder$2.findElement(ElementLocation.java:165)
	at org.openqa.selenium.remote.ElementLocation.findElement(ElementLocation.java:66)
	at org.openqa.selenium.remote.RemoteWebDriver.findElement(RemoteWebDriver.java:380)
	at org.openqa.selenium.remote.RemoteWebDriver.findElement(RemoteWebDriver.java:374)
	at com.mytests.TestNG_Examples.TextBoxTest.fillTextBoxForm(TextBoxTest.java:45)
	at com.mytests.TestNG_Examples.TextBoxTest.testTextBoxFormSubmission1(TextBoxTest.java:32)
	at com.mytests.TestNG_Examples.TestRunner.main(TestRunner.java:10)
... Removed 22 stack frames]]>
    </failure>
  </testcase> <!-- testTextBoxFormSubmission1 -->
  <testcase classname="com.mytests.TestNG_Examples.TextBoxTest" name="testTextBoxFormSubmission2" time="12.515"/>
</testsuite> <!-- Command line test -->
